F:\DOCUMENTS\GITHUB\ACA2\ACA2\ACA2\MAX\SVD2X2.OBJ
F:\DOCUMENTS\GITHUB\ACA2\ACA2\ACA2\MAX\MESH.OBJ
F:\DOCUMENTS\GITHUB\ACA2\ACA2\ACA2\MAX\ACA2-2013.OBJ
F:\DOCUMENTS\GITHUB\ACA2\ACA2\ACA2\MAX\VC110.PDB
F:\DOCUMENTS\GITHUB\ACA2\ACA2\MAX\ACA2.EXE
F:\DOCUMENTS\GITHUB\ACA2\ACA2\MAX\ACA2.PDB
F:\Documents\GitHub\ACA2\ACA2\ACA2\Max\ACA2-2013.obj
F:\Documents\GitHub\ACA2\ACA2\ACA2\Max\Mesh.obj
F:\Documents\GitHub\ACA2\ACA2\ACA2\Max\SVD2x2.obj
F:\Documents\GitHub\ACA2\ACA2\ACA2\Max\cl.command.1.tlog
F:\Documents\GitHub\ACA2\ACA2\ACA2\Max\CL.read.1.tlog
F:\Documents\GitHub\ACA2\ACA2\ACA2\Max\CL.write.1.tlog
F:\Documents\GitHub\ACA2\ACA2\ACA2\Max\link-cvtres.read.1.tlog
F:\Documents\GitHub\ACA2\ACA2\ACA2\Max\link-cvtres.write.1.tlog
F:\Documents\GitHub\ACA2\ACA2\ACA2\Max\link-rc.read.1.tlog
F:\Documents\GitHub\ACA2\ACA2\ACA2\Max\link-rc.write.1.tlog
F:\Documents\GitHub\ACA2\ACA2\ACA2\Max\link.command.1.tlog
F:\Documents\GitHub\ACA2\ACA2\ACA2\Max\link.read.1.tlog
F:\Documents\GitHub\ACA2\ACA2\ACA2\Max\link.write.1.tlog
F:\Documents\GitHub\ACA2\ACA2\ACA2\Max\vc110.pdb
F:\Documents\GitHub\ACA2\ACA2\Max\ACA2.pdb
F:\Documents\GitHub\ACA2\ACA2\Max\ACA2.exe
